<?xml version="1.0" encoding="UTF-8"?>
<!-- Generated by org.testng.reporters.JUnitReportReporter -->
<testsuite hostname="RFL923" failures="0" tests="1" name="runner.TestRunner" time="3.262" errors="0" timestamp="2025-10-01T14:33:38 IST" skipped="0">
  <testcase classname="runner.TestRunner" name="runScenario" time="3.262"/>
</testsuite> <!-- runner.TestRunner -->
